\BOOKMARK [0][-]{chapter*.2}{\376\377\000I\000n\000t\000r\000o\000d\000u\000c\000t\000i\000o\000n}{}% 1
\BOOKMARK [0][-]{chapter.1}{\376\377\000G\000e\000n\000e\000r\000a\000l\000\040\000P\000r\000e\000l\000i\000m\000i\000n\000a\000r\000i\000e\000s}{}% 2
\BOOKMARK [1][-]{section.1.1}{\376\377\000T\000o\000r\000s\000o\000r\000s\000\040\000a\000n\000d\000\040\000R\000a\000n\000k\000-\000O\000n\000e\000\040\000L\000o\000c\000a\000l\000\040\000S\000y\000s\000t\000e\000m\000s}{chapter.1}% 3
\BOOKMARK [1][-]{section.1.2}{\376\377\000T\000o\000r\000s\000o\000r\000s\000\040\000o\000n\000\040\000t\000h\000e\000\040\000\311\000t\000a\000l\000e\000\040\000S\000i\000t\000e\000s}{chapter.1}% 4
\BOOKMARK [1][-]{section.1.3}{\376\377\000S\000y\000m\000m\000e\000t\000r\000i\000c\000\040\000P\000o\000w\000e\000r\000s\000\040\000o\000f\000\040\000S\000c\000h\000e\000m\000e\000s\000\040\000a\000n\000d\000\040\000T\000o\000r\000s\000o\000r\000s}{chapter.1}% 5
\BOOKMARK [1][-]{section.1.4}{\376\377\000B\000a\000s\000i\000c\000\040\000G\000e\000o\000m\000e\000t\000r\000i\000c\000\040\000L\000e\000m\000m\000a\000s}{chapter.1}% 6
\BOOKMARK [0][-]{chapter.2}{\376\377\000R\000a\000m\000i\000f\000i\000c\000a\000t\000i\000o\000n\000\040\000A\000f\000t\000e\000r\000\040\000B\000l\000o\000w\000u\000p\000\040\000I\000s\000\040\000T\000a\000m\000e}{}% 7
\BOOKMARK [1][-]{section.2.1}{\376\377\000R\000a\000m\000i\000f\000i\000c\000a\000t\000i\000o\000n\000\040\000o\000f\000\040\000D\000i\000s\000c\000r\000e\000t\000e\000\040\000V\000a\000l\000u\000a\000t\000i\000o\000n\000s}{chapter.2}% 8
\BOOKMARK [1][-]{section.2.2}{\376\377\000R\000a\000m\000i\000f\000i\000c\000a\000t\000i\000o\000n\000\040\000o\000f\000\040\000G\000-\000T\000o\000r\000s\000o\000r\000s}{chapter.2}% 9
\BOOKMARK [1][-]{section.2.3}{\376\377\000K\000u\000m\000m\000e\000r\000,\000\040\000A\000r\000t\000i\000n\040\023\000S\000c\000h\000r\000e\000i\000e\000r\000,\000\040\000a\000n\000d\000\040\000A\000r\000t\000i\000n\040\023\000S\000c\000h\000r\000e\000i\000e\000r\040\023\000W\000i\000t\000t\000\040\000T\000h\000e\000o\000r\000i\000e\000s}{chapter.2}% 10
\BOOKMARK [2][-]{subsection.2.3.1}{\376\377\000A\000r\000t\000i\000n\040\023\000S\000c\000h\000r\000e\000i\000e\000r\040\023\000W\000i\000t\000t\000\040\000T\000h\000e\000o\000r\000y}{section.2.3}% 11
\BOOKMARK [1][-]{section.2.4}{\376\377\000P\000r\000o\000o\000f\000\040\000o\000f\000\040\000t\000h\000e\000\040\000T\000o\000r\000s\000o\000r\000\040\000F\000o\000r\000m\000u\000l\000a\000t\000i\000o\000n}{chapter.2}% 12
\BOOKMARK [0][-]{chapter.3}{\376\377\000G\000e\000o\000m\000e\000t\000r\000i\000c\000\040\000C\000l\000a\000s\000s\000\040\000F\000i\000e\000l\000d\000\040\000T\000h\000e\000o\000r\000y}{}% 13
\BOOKMARK [1][-]{section.3.1}{\376\377\000E\000t\000a\000l\000e\000\040\000F\000u\000n\000d\000a\000m\000e\000n\000t\000a\000l\000\040\000G\000r\000o\000u\000p\000s\000\040\000a\000n\000d\000\040\000T\000a\000m\000e\000\040\000F\000u\000n\000d\000a\000m\000e\000n\000t\000a\000l\000\040\000G\000r\000o\000u\000p\000s}{chapter.3}% 14
\BOOKMARK [1][-]{section.3.2}{\376\377\000G\000e\000n\000e\000r\000a\000l\000i\000z\000e\000d\000\040\000P\000i\000c\000a\000r\000d\000\040\000S\000c\000h\000e\000m\000e}{chapter.3}% 15
\BOOKMARK [1][-]{section.3.3}{\376\377\000T\000h\000e\000\040\000A\000b\000e\000l\000-\000J\000a\000c\000o\000b\000i\000\040\000M\000o\000r\000p\000h\000i\000s\000m\000\040\000a\000n\000d\000\040\000i\000t\000s\000\040\000F\000i\000b\000e\000r\000s}{chapter.3}% 16
\BOOKMARK [1][-]{section.3.4}{\376\377\000C\000o\000m\000p\000a\000c\000t\000i\000f\000i\000c\000a\000t\000i\000o\000n\000\040\000o\000f\000\040\000B\000l\000o\000w\000u\000p\000\040\000o\000f\000\040\000S\000y\000m\000m\000e\000t\000r\000i\000c\000\040\000P\000o\000w\000e\000r\000s\000\040\000o\000f\000\040\000a\000\040\000C\000u\000r\000v\000e}{chapter.3}% 17
\BOOKMARK [1][-]{section.3.5}{\376\377\000R\000a\000m\000i\000f\000i\000c\000a\000t\000i\000o\000n\000\040\000o\000n\000\040\000P\000r\000o\000d\000u\000c\000t\000s\000\040\000o\000f\000\040\000B\000l\000o\000w\000u\000p\000s}{chapter.3}% 18
\BOOKMARK [1][-]{section.3.6}{\376\377\000P\000r\000o\000o\000f\000\040\000o\000f\000\040\000t\000h\000e\000o\000r\000e\000m\000:\000S\000y\000m\000m\000e\000t\000r\000i\000c\000P\000o\000w\000e\000r\000O\000f\000S\000h\000e\000a\000f\000I\000s\000T\000a\000m\000e\000l\000y\000R\000a\000m\000i\000f\000i\000e\000d}{chapter.3}% 19
\BOOKMARK [2][-]{subsection.3.6.1}{\376\377\000R\000e\000d\000u\000c\000t\000i\000o\000n\000\040\000L\000e\000m\000m\000a\000s}{section.3.6}% 20
\BOOKMARK [1][-]{section.3.7}{\376\377\000P\000r\000o\000o\000f\000\040\000o\000f\000\040\000T\000h\000e\000o\000r\000e\000m\000\040\000X}{chapter.3}% 21
\BOOKMARK [1][-]{section.3.8}{\376\377\000P\000r\000o\000o\000f\000\040\000o\000f\000\040\000t\000h\000e\000o\000r\000e\000m\000\040\0002}{chapter.3}% 22
\BOOKMARK [0][-]{appendix.A}{\376\377\000W\000i\000t\000t\000\040\000V\000e\000c\000t\000o\000r\000\040\000A\000l\000g\000e\000b\000r\000a}{}% 23
\BOOKMARK [1][-]{section.A.1}{\376\377\000T\000h\000e\000\040\000r\000i\000n\000g\000\040\000o\000f\000\040\000W\000i\000t\000t\000\040\000v\000e\000c\000t\000o\000r\000s}{appendix.A}% 24
\BOOKMARK [1][-]{section.A.2}{\376\377\000F\000r\000o\000b\000e\000n\000i\000u\000s\000,\000\040\000V\000e\000r\000s\000c\000h\000i\000e\000b\000u\000n\000g\000\040\000a\000n\000d\000\040\000t\000r\000u\000n\000c\000a\000t\000i\000o\000n}{appendix.A}% 25
\BOOKMARK [1][-]{section.A.3}{\376\377\000I\000s\000o\000b\000a\000r\000i\000c\000i\000t\000y\000\040\000o\000f\000\040\000t\000h\000e\000\040\000W\000i\000t\000t\000\040\000a\000d\000d\000i\000t\000i\000o\000n\000\040\000p\000o\000l\000y\000n\000o\000m\000i\000a\000l\000s}{appendix.A}% 26
\BOOKMARK [0][-]{appendix.B}{\376\377\000A\000\040\000W\000r\000o\000n\000g\000\040\000P\000a\000t\000h}{}% 27
\BOOKMARK [1][-]{section.B.1}{\376\377\000Q\000u\000o\000t\000i\000e\000n\000t\000\040\000T\000o\000w\000e\000r\000s\000\040\000o\000f\000\040\000S\000y\000m\000m\000e\000t\000r\000i\000c\000-\000P\000o\000w\000e\000r\000\040\000T\000o\000r\000s\000o\000r\000s}{appendix.B}% 28
\BOOKMARK [1][-]{section.B.2}{\376\377\000S\000e\000t\000u\000p\000\040\000a\000n\000d\000\040\000n\000o\000t\000a\000t\000i\000o\000n}{appendix.B}% 29
\BOOKMARK [1][-]{section.B.3}{\376\377\000T\000h\000e\000\040\000m\000a\000s\000t\000e\000r\000\040\000d\000i\000a\000g\000r\000a\000m}{appendix.B}% 30
\BOOKMARK [1][-]{section.B.4}{\376\377\000U\000n\000r\000a\000m\000i\000f\000i\000e\000d\000n\000e\000s\000s\000\040\000o\000f\000\040\000P\000[\000d\000]\000G\000\040\000a\000t\000\040\000C}{appendix.B}% 31
\BOOKMARK [1][-]{section.B.5}{\376\377\000D\000i\000f\000f\000i\000c\000u\000l\000t\000i\000e\000s\000\040\000i\000n\000\040\000P\000r\000o\000v\000i\000n\000g\000\040\000t\000h\000e\000\040\000T\000h\000e\000o\000r\000e\000m}{appendix.B}% 32
